============================= test session starts ==============================
platform linux -- Python 3.10.12, pytest-9.0.3, pluggy-1.6.0 -- /sessions/69d9e98a76a0dc58407231fb/workspace/.venv_solo/bin/python
cachedir: .pytest_cache
rootdir: /sessions/69d9e98a76a0dc58407231fb/workspace
collecting ... collected 10 items

tests/test_model.py::test_element_model PASSED                           [ 10%]
tests/test_model.py::test_page_model PASSED                              [ 20%]
tests/test_model.py::test_document_model PASSED                          [ 30%]
tests/test_model.py::test_unique_ids PASSED                              [ 40%]
tests/test_model.py::test_no_shallow_copy_issues PASSED                  [ 50%]
tests/test_model_integration_simple.py::test_model_creation PASSED       [ 60%]
tests/test_model_integration_simple.py::test_page_model PASSED           [ 70%]
tests/test_model_integration_simple.py::test_model_integration_logic PASSED [ 80%]
tests/test_model_integration_simple.py::test_model_passing PASSED        [ 90%]
tests/test_minimal_integration.py::test_minimal_integration PASSED       [100%]

=============================== warnings summary ===============================
tests/test_model_integration_simple.py::test_model_creation
  /sessions/69d9e98a76a0dc58407231fb/workspace/.venv_solo/lib/python3.10/site-packages/_pytest/python.py:170: PytestReturnNotNoneWarning: Test functions should return None, but tests/test_model_integration_simple.py::test_model_creation returned <class 'bool'>.
  Did you mean to use `assert` instead of `return`?
  See https://docs.pytest.org/en/stable/how-to/assert.html#return-not-none for more information.
    warnings.warn(

tests/test_model_integration_simple.py::test_page_model
  /sessions/69d9e98a76a0dc58407231fb/workspace/.venv_solo/lib/python3.10/site-packages/_pytest/python.py:170: PytestReturnNotNoneWarning: Test functions should return None, but tests/test_model_integration_simple.py::test_page_model returned <class 'bool'>.
  Did you mean to use `assert` instead of `return`?
  See https://docs.pytest.org/en/stable/how-to/assert.html#return-not-none for more information.
    warnings.warn(

tests/test_model_integration_simple.py::test_model_integration_logic
  /sessions/69d9e98a76a0dc58407231fb/workspace/.venv_solo/lib/python3.10/site-packages/_pytest/python.py:170: PytestReturnNotNoneWarning: Test functions should return None, but tests/test_model_integration_simple.py::test_model_integration_logic returned <class 'bool'>.
  Did you mean to use `assert` instead of `return`?
  See https://docs.pytest.org/en/stable/how-to/assert.html#return-not-none for more information.
    warnings.warn(

tests/test_model_integration_simple.py::test_model_passing
  /sessions/69d9e98a76a0dc58407231fb/workspace/.venv_solo/lib/python3.10/site-packages/_pytest/python.py:170: PytestReturnNotNoneWarning: Test functions should return None, but tests/test_model_integration_simple.py::test_model_passing returned <class 'bool'>.
  Did you mean to use `assert` instead of `return`?
  See https://docs.pytest.org/en/stable/how-to/assert.html#return-not-none for more information.
    warnings.warn(

-- Docs: https://docs.pytest.org/en/stable/how-to/capture-warnings.html
======================== 10 passed, 4 warnings in 0.03s ========================
